\BOOKMARK [1][-]{section.1}{\376\377\000I\000n\000t\000r\000o\000d\000u\000c\000c\000i\000\363\000n}{}% 1
\BOOKMARK [2][-]{subsection.1.1}{\376\377\000\277\000P\000a\000r\000a\000\040\000q\000u\000i\000\351\000n\000\040\000e\000s\000\040\000e\000s\000t\000e\000\040\000m\000a\000n\000u\000a\000l\000?}{section.1}% 2
\BOOKMARK [2][-]{subsection.1.2}{\376\377\000C\000a\000r\000a\000c\000t\000e\000r\000\355\000s\000t\000i\000c\000a\000s\000\040\000p\000r\000i\000n\000c\000i\000p\000a\000l\000e\000s}{section.1}% 3
\BOOKMARK [1][-]{section.2}{\376\377\000I\000n\000i\000c\000i\000o\000\040\000d\000e\000\040\000S\000e\000s\000i\000\363\000n}{}% 4
\BOOKMARK [2][-]{subsection.2.1}{\376\377\000A\000c\000c\000e\000d\000e\000r\000\040\000a\000l\000\040\000S\000i\000s\000t\000e\000m\000a}{section.2}% 5
\BOOKMARK [2][-]{subsection.2.2}{\376\377\000I\000n\000g\000r\000e\000s\000a\000r\000\040\000C\000r\000e\000d\000e\000n\000c\000i\000a\000l\000e\000s}{section.2}% 6
\BOOKMARK [1][-]{section.3}{\376\377\000P\000\341\000g\000i\000n\000a\000\040\000P\000r\000i\000n\000c\000i\000p\000a\000l\000:\000\040\000R\000e\000p\000o\000r\000t\000e\000s}{}% 7
\BOOKMARK [2][-]{subsection.3.1}{\376\377\000D\000a\000s\000h\000b\000o\000a\000r\000d\000\040\000d\000e\000\040\000M\000\351\000t\000r\000i\000c\000a\000s}{section.3}% 8
\BOOKMARK [2][-]{subsection.3.2}{\376\377\000T\000a\000b\000l\000a\000\040\000d\000e\000\040\000R\000e\000p\000o\000r\000t\000e\000s}{section.3}% 9
\BOOKMARK [1][-]{section.4}{\376\377\000C\000r\000e\000a\000r\000\040\000N\000u\000e\000v\000o\000\040\000R\000e\000p\000o\000r\000t\000e}{}% 10
\BOOKMARK [2][-]{subsection.4.1}{\376\377\000A\000c\000c\000e\000d\000e\000r\000\040\000a\000l\000\040\000F\000o\000r\000m\000u\000l\000a\000r\000i\000o}{section.4}% 11
\BOOKMARK [2][-]{subsection.4.2}{\376\377\000D\000a\000t\000o\000s\000\040\000B\000\341\000s\000i\000c\000o\000s\000\040\000d\000e\000l\000\040\000R\000e\000p\000o\000r\000t\000e}{section.4}% 12
\BOOKMARK [2][-]{subsection.4.3}{\376\377\000R\000e\000g\000i\000s\000t\000r\000a\000r\000\040\000G\000a\000s\000t\000o\000s}{section.4}% 13
\BOOKMARK [2][-]{subsection.4.4}{\376\377\000R\000e\000g\000i\000s\000t\000r\000a\000r\000\040\000V\000e\000n\000t\000a\000s\000\040\000d\000e\000\040\000P\000r\000o\000d\000u\000c\000t\000o\000s}{section.4}% 14
\BOOKMARK [2][-]{subsection.4.5}{\376\377\000R\000e\000s\000u\000m\000e\000n\000\040\000y\000\040\000G\000u\000a\000r\000d\000a\000r}{section.4}% 15
\BOOKMARK [1][-]{section.5}{\376\377\000E\000s\000t\000a\000d\000\355\000s\000t\000i\000c\000a\000s}{}% 16
\BOOKMARK [2][-]{subsection.5.1}{\376\377\000A\000c\000c\000e\000d\000e\000r\000\040\000a\000\040\000E\000s\000t\000a\000d\000\355\000s\000t\000i\000c\000a\000s}{section.5}% 17
\BOOKMARK [2][-]{subsection.5.2}{\376\377\000F\000i\000l\000t\000r\000o\000s\000\040\000d\000e\000\040\000P\000e\000r\000\355\000o\000d\000o}{section.5}% 18
\BOOKMARK [2][-]{subsection.5.3}{\376\377\000G\000r\000\341\000f\000i\000c\000o\000s\000\040\000D\000i\000s\000p\000o\000n\000i\000b\000l\000e\000s}{section.5}% 19
\BOOKMARK [3][-]{subsubsection.5.3.1}{\376\377\000G\000a\000s\000t\000o\000s\000\040\000p\000o\000r\000\040\000C\000a\000t\000e\000g\000o\000r\000\355\000a}{subsection.5.3}% 20
\BOOKMARK [3][-]{subsubsection.5.3.2}{\376\377\000P\000r\000o\000d\000u\000c\000t\000o\000s\000\040\000M\000\341\000s\000\040\000V\000e\000n\000d\000i\000d\000o\000s}{subsection.5.3}% 21
\BOOKMARK [3][-]{subsubsection.5.3.3}{\376\377\000E\000v\000o\000l\000u\000c\000i\000\363\000n\000\040\000d\000e\000\040\000V\000e\000n\000t\000a\000s}{subsection.5.3}% 22
\BOOKMARK [1][-]{section.6}{\376\377\000G\000e\000s\000t\000i\000\363\000n\000\040\000d\000e\000\040\000P\000r\000o\000d\000u\000c\000t\000o\000s}{}% 23
\BOOKMARK [2][-]{subsection.6.1}{\376\377\000V\000e\000r\000\040\000P\000r\000o\000d\000u\000c\000t\000o\000s}{section.6}% 24
\BOOKMARK [2][-]{subsection.6.2}{\376\377\000C\000r\000e\000a\000r\000\040\000P\000r\000o\000d\000u\000c\000t\000o}{section.6}% 25
\BOOKMARK [2][-]{subsection.6.3}{\376\377\000E\000d\000i\000t\000a\000r\000\040\000o\000\040\000E\000l\000i\000m\000i\000n\000a\000r}{section.6}% 26
\BOOKMARK [1][-]{section.7}{\376\377\000G\000e\000s\000t\000i\000\363\000n\000\040\000d\000e\000\040\000C\000a\000t\000e\000g\000o\000r\000\355\000a\000s}{}% 27
\BOOKMARK [2][-]{subsection.7.1}{\376\377\000V\000e\000r\000\040\000C\000a\000t\000e\000g\000o\000r\000\355\000a\000s}{section.7}% 28
\BOOKMARK [2][-]{subsection.7.2}{\376\377\000C\000r\000e\000a\000r\000\040\000C\000a\000t\000e\000g\000o\000r\000\355\000a}{section.7}% 29
\BOOKMARK [1][-]{section.8}{\376\377\000P\000e\000r\000f\000i\000l\000\040\000d\000e\000\040\000U\000s\000u\000a\000r\000i\000o}{}% 30
\BOOKMARK [2][-]{subsection.8.1}{\376\377\000A\000c\000c\000e\000d\000e\000r\000\040\000a\000l\000\040\000P\000e\000r\000f\000i\000l}{section.8}% 31
\BOOKMARK [2][-]{subsection.8.2}{\376\377\000C\000a\000m\000b\000i\000a\000r\000\040\000C\000o\000n\000t\000r\000a\000s\000e\000\361\000a}{section.8}% 32
\BOOKMARK [1][-]{section.9}{\376\377\000C\000e\000r\000r\000a\000r\000\040\000S\000e\000s\000i\000\363\000n}{}% 33
\BOOKMARK [1][-]{section.10}{\376\377\000P\000r\000e\000g\000u\000n\000t\000a\000s\000\040\000F\000r\000e\000c\000u\000e\000n\000t\000e\000s}{}% 34
\BOOKMARK [2][-]{subsection.10.1}{\376\377\000\277\000Q\000u\000\351\000\040\000h\000a\000g\000o\000\040\000s\000i\000\040\000o\000l\000v\000i\000d\000\351\000\040\000m\000i\000\040\000c\000o\000n\000t\000r\000a\000s\000e\000\361\000a\000?}{section.10}% 35
\BOOKMARK [2][-]{subsection.10.2}{\376\377\000\277\000P\000u\000e\000d\000o\000\040\000e\000d\000i\000t\000a\000r\000\040\000u\000n\000\040\000r\000e\000p\000o\000r\000t\000e\000\040\000y\000a\000\040\000g\000u\000a\000r\000d\000a\000d\000o\000?}{section.10}% 36
\BOOKMARK [2][-]{subsection.10.3}{\376\377\000\277\000L\000o\000s\000\040\000d\000a\000t\000o\000s\000\040\000s\000e\000\040\000g\000u\000a\000r\000d\000a\000n\000\040\000a\000u\000t\000o\000m\000\341\000t\000i\000c\000a\000m\000e\000n\000t\000e\000?}{section.10}% 37
\BOOKMARK [2][-]{subsection.10.4}{\376\377\000\277\000P\000u\000e\000d\000o\000\040\000v\000e\000r\000\040\000r\000e\000p\000o\000r\000t\000e\000s\000\040\000d\000e\000\040\000m\000e\000s\000e\000s\000\040\000a\000n\000t\000e\000r\000i\000o\000r\000e\000s\000?}{section.10}% 38
\BOOKMARK [2][-]{subsection.10.5}{\376\377\000\277\000Q\000u\000\351\000\040\000e\000s\000\040\000l\000a\000\040\000"\000B\000a\000s\000e\000\040\000S\000i\000g\000u\000i\000e\000n\000t\000e\000\277}{section.10}% 39
\BOOKMARK [1][-]{section.11}{\376\377\000S\000o\000p\000o\000r\000t\000e\000\040\000T\000\351\000c\000n\000i\000c\000o}{}% 40
\BOOKMARK [2][-]{subsection.11.1}{\376\377\000C\000o\000n\000t\000a\000c\000t\000o}{section.11}% 41
\BOOKMARK [2][-]{subsection.11.2}{\376\377\000R\000e\000q\000u\000i\000s\000i\000t\000o\000s\000\040\000d\000e\000l\000\040\000S\000i\000s\000t\000e\000m\000a}{section.11}% 42
